TN:
SF:src/modules/auth/infrastructure/LocalAuthAdapter.ts
FN:35,constructor
FN:37,getCurrentUser
FN:58,login
FN:71,(anonymous_3)
FN:91,register
FN:95,(anonymous_5)
FN:122,logout
FN:126,recordFailedAttempt
FN:140,getUsers
FN:151,generateSalt
FN:154,(anonymous_10)
FN:157,hashPassword
FN:172,migrateOldCredentialsIfNeeded
FN:199,migrateLegacyStorageIfNeeded
FNF:14
FNH:0
FNDA:0,constructor
FNDA:0,getCurrentUser
FNDA:0,login
FNDA:0,(anonymous_3)
FNDA:0,register
FNDA:0,(anonymous_5)
FNDA:0,logout
FNDA:0,recordFailedAttempt
FNDA:0,getUsers
FNDA:0,generateSalt
FNDA:0,(anonymous_10)
FNDA:0,hashPassword
FNDA:0,migrateOldCredentialsIfNeeded
FNDA:0,migrateLegacyStorageIfNeeded
DA:16,0
DA:17,0
DA:18,0
DA:19,0
DA:20,0
DA:21,0
DA:23,0
DA:35,0
DA:38,0
DA:39,0
DA:40,0
DA:41,0
DA:42,0
DA:43,0
DA:50,0
DA:52,0
DA:54,0
DA:59,0
DA:60,0
DA:62,0
DA:64,0
DA:65,0
DA:66,0
DA:67,0
DA:70,0
DA:71,0
DA:73,0
DA:74,0
DA:75,0
DA:78,0
DA:79,0
DA:80,0
DA:81,0
DA:84,0
DA:86,0
DA:87,0
DA:88,0
DA:92,0
DA:93,0
DA:94,0
DA:95,0
DA:97,0
DA:98,0
DA:101,0
DA:102,0
DA:103,0
DA:105,0
DA:114,0
DA:115,0
DA:117,0
DA:118,0
DA:119,0
DA:123,0
DA:127,0
DA:128,0
DA:130,0
DA:131,0
DA:136,0
DA:141,0
DA:142,0
DA:143,0
DA:144,0
DA:145,0
DA:147,0
DA:152,0
DA:153,0
DA:154,0
DA:158,0
DA:159,0
DA:163,0
DA:164,0
DA:169,0
DA:173,0
DA:174,0
DA:175,0
DA:178,0
DA:179,0
DA:180,0
DA:182,0
DA:183,0
DA:184,0
DA:185,0
DA:188,0
DA:195,0
DA:196,0
DA:200,0
DA:205,0
DA:206,0
DA:207,0
DA:208,0
DA:212,0
DA:213,0
DA:214,0
DA:215,0
LF:94
LH:0
BRDA:40,0,0,0
BRDA:40,0,1,0
BRDA:43,1,0,0
BRDA:43,1,1,0
BRDA:44,2,0,0
BRDA:44,2,1,0
BRDA:44,2,2,0
BRDA:44,2,3,0
BRDA:44,2,4,0
BRDA:65,3,0,0
BRDA:65,3,1,0
BRDA:65,4,0,0
BRDA:65,4,1,0
BRDA:73,5,0,0
BRDA:73,5,1,0
BRDA:79,6,0,0
BRDA:79,6,1,0
BRDA:97,7,0,0
BRDA:97,7,1,0
BRDA:128,8,0,0
BRDA:128,8,1,0
BRDA:130,9,0,0
BRDA:130,9,1,0
BRDA:142,10,0,0
BRDA:142,10,1,0
BRDA:145,11,0,0
BRDA:145,11,1,0
BRDA:174,12,0,0
BRDA:174,12,1,0
BRDA:174,13,0,0
BRDA:174,13,1,0
BRDA:183,14,0,0
BRDA:183,14,1,0
BRDA:183,15,0,0
BRDA:183,15,1,0
BRDA:205,16,0,0
BRDA:205,16,1,0
BRDA:207,17,0,0
BRDA:207,17,1,0
BRDA:212,18,0,0
BRDA:212,18,1,0
BRDA:214,19,0,0
BRDA:214,19,1,0
BRF:43
BRH:0
end_of_record
TN:
SF:src/modules/backup/application/dtos/BackupDtos.ts
FN:12,(anonymous_0)
FNF:1
FNH:1
FNDA:9,(anonymous_0)
DA:3,2
DA:10,2
DA:12,9
DA:19,2
DA:26,2
DA:32,2
LF:6
LH:6
BRF:0
BRH:0
end_of_record
TN:
SF:src/modules/backup/application/use-cases/CreateBackupUseCase.ts
FN:19,(anonymous_0)
FN:24,constructor
FN:37,execute
FN:70,(anonymous_3)
FN:71,(anonymous_4)
FN:72,(anonymous_5)
FNF:6
FNH:4
FNDA:7,(anonymous_0)
FNDA:14,constructor
FNDA:7,execute
FNDA:5,(anonymous_3)
FNDA:0,(anonymous_4)
FNDA:0,(anonymous_5)
DA:19,7
DA:25,14
DA:26,14
DA:27,14
DA:28,14
DA:29,14
DA:30,14
DA:31,14
DA:34,14
DA:38,7
DA:40,7
DA:49,7
DA:51,7
DA:63,7
DA:70,5
DA:71,0
DA:72,0
DA:75,7
DA:90,7
DA:92,7
LF:20
LH:18
BRDA:34,0,0,14
BRDA:34,0,1,14
BRDA:68,1,0,7
BRDA:68,1,1,0
BRF:4
BRH:3
end_of_record
TN:
SF:src/modules/backup/application/use-cases/DeleteBackupUseCase.ts
FN:4,constructor
FN:6,execute
FNF:2
FNH:0
FNDA:0,constructor
FNDA:0,execute
DA:4,0
DA:7,0
LF:2
LH:0
BRF:0
BRH:0
end_of_record
TN:
SF:src/modules/backup/application/use-cases/ListBackupsUseCase.ts
FN:6,constructor
FN:8,execute
FNF:2
FNH:0
FNDA:0,constructor
FNDA:0,execute
DA:6,0
DA:12,0
DA:13,0
DA:14,0
DA:15,0
DA:17,0
LF:6
LH:0
BRDA:8,0,0,0
BRF:1
BRH:0
end_of_record
TN:
SF:src/modules/backup/application/use-cases/RestoreBackupUseCase.ts
FN:23,(anonymous_0)
FN:24,(anonymous_1)
FN:41,constructor
FN:56,execute
FN:79,(anonymous_4)
FN:80,(anonymous_5)
FN:81,(anonymous_6)
FN:130,(anonymous_7)
FN:131,(anonymous_8)
FN:132,(anonymous_9)
FN:142,(anonymous_10)
FN:147,(anonymous_11)
FN:153,(anonymous_12)
FN:194,validatePayloadIntegrity
FN:203,validateSuppliers
FN:204,(anonymous_15)
FN:236,validateOrders
FNF:17
FNH:14
FNDA:4,(anonymous_0)
FNDA:5,(anonymous_1)
FNDA:10,constructor
FNDA:10,execute
FNDA:5,(anonymous_4)
FNDA:3,(anonymous_5)
FNDA:0,(anonymous_6)
FNDA:2,(anonymous_7)
FNDA:1,(anonymous_8)
FNDA:0,(anonymous_9)
FNDA:1,(anonymous_10)
FNDA:0,(anonymous_11)
FNDA:3,(anonymous_12)
FNDA:8,validatePayloadIntegrity
FNDA:5,validateSuppliers
FNDA:2,(anonymous_15)
FNDA:5,validateOrders
DA:23,4
DA:24,5
DA:42,10
DA:43,10
DA:44,10
DA:45,10
DA:46,10
DA:47,10
DA:48,10
DA:52,10
DA:53,10
DA:57,10
DA:59,10
DA:60,9
DA:61,1
DA:64,8
DA:65,8
DA:66,0
DA:69,8
DA:71,8
DA:72,6
DA:79,5
DA:80,3
DA:81,0
DA:83,6
DA:84,1
DA:88,5
DA:90,5
DA:99,5
DA:100,5
DA:112,5
DA:130,2
DA:131,1
DA:132,0
DA:140,5
DA:141,10
DA:142,1
DA:145,5
DA:146,5
DA:147,0
DA:150,5
DA:151,5
DA:152,5
DA:153,5
DA:157,5
DA:166,10
DA:175,0
DA:182,5
DA:195,8
DA:196,2
DA:198,6
DA:199,0
DA:204,5
DA:215,5
DA:216,5
DA:218,5
DA:219,2
DA:220,2
DA:221,2
DA:222,2
DA:223,2
DA:224,2
DA:226,2
DA:227,1
DA:229,1
DA:233,5
DA:237,5
DA:238,5
DA:240,5
DA:241,1
DA:242,1
DA:243,1
DA:244,1
DA:245,1
DA:246,1
DA:247,1
DA:248,1
DA:250,1
DA:251,0
DA:253,1
DA:257,5
LF:81
LH:74
BRDA:52,0,0,10
BRDA:52,0,1,9
BRDA:53,1,0,10
BRDA:53,1,1,10
BRDA:60,2,0,1
BRDA:60,2,1,8
BRDA:65,3,0,0
BRDA:65,3,1,8
BRDA:71,4,0,6
BRDA:71,4,1,2
BRDA:77,5,0,6
BRDA:77,5,1,0
BRDA:83,6,0,1
BRDA:83,6,1,5
BRDA:140,7,0,5
BRDA:140,7,1,0
BRDA:141,8,0,1
BRDA:141,8,1,9
BRDA:146,9,0,0
BRDA:146,9,1,5
BRDA:155,10,0,3
BRDA:155,10,1,0
BRDA:155,11,0,3
BRDA:155,11,1,2
BRDA:157,12,0,0
BRDA:157,12,1,5
BRDA:160,13,0,0
BRDA:160,13,1,0
BRDA:161,14,0,0
BRDA:161,14,1,0
BRDA:177,15,0,0
BRDA:177,15,1,0
BRDA:178,16,0,0
BRDA:178,16,1,0
BRDA:195,17,0,2
BRDA:195,17,1,6
BRDA:195,18,0,8
BRDA:195,18,1,8
BRDA:198,19,0,0
BRDA:198,19,1,6
BRDA:221,20,0,1
BRDA:221,20,1,1
BRDA:221,21,0,2
BRDA:221,21,1,1
BRDA:222,22,0,1
BRDA:222,22,1,1
BRDA:222,23,0,2
BRDA:222,23,1,1
BRDA:223,24,0,1
BRDA:223,24,1,1
BRDA:224,25,0,1
BRDA:224,25,1,1
BRDA:226,26,0,1
BRDA:226,26,1,1
BRDA:243,27,0,0
BRDA:243,27,1,1
BRDA:243,28,0,1
BRDA:243,28,1,1
BRDA:244,29,0,0
BRDA:244,29,1,1
BRDA:244,30,0,1
BRDA:244,30,1,1
BRDA:245,31,0,0
BRDA:245,31,1,1
BRDA:246,32,0,0
BRDA:246,32,1,1
BRDA:246,33,0,1
BRDA:246,33,1,1
BRDA:247,34,0,0
BRDA:247,34,1,1
BRDA:247,35,0,1
BRDA:247,35,1,1
BRDA:248,36,0,0
BRDA:248,36,1,1
BRDA:250,37,0,0
BRDA:250,37,1,1
BRF:76
BRH:54
end_of_record
TN:
SF:src/modules/backup/infrastructure/repositories/SQLiteBackupRepository.ts
FN:28,saveSnapshot
FN:31,(anonymous_1)
FN:58,findAll
FN:66,findById
FN:75,loadPayload
FN:93,(anonymous_5)
FN:100,delete
FN:102,(anonymous_7)
FN:108,deleteAll
FN:110,(anonymous_9)
FN:116,count
FN:124,transactionalRestore
FN:127,(anonymous_12)
FN:197,enforceMaxSnapshots
FN:203,(anonymous_14)
FN:220,toDomain
FNF:16
FNH:0
FNDA:0,saveSnapshot
FNDA:0,(anonymous_1)
FNDA:0,findAll
FNDA:0,findById
FNDA:0,loadPayload
FNDA:0,(anonymous_5)
FNDA:0,delete
FNDA:0,(anonymous_7)
FNDA:0,deleteAll
FNDA:0,(anonymous_9)
FNDA:0,count
FNDA:0,transactionalRestore
FNDA:0,(anonymous_12)
FNDA:0,enforceMaxSnapshots
FNDA:0,(anonymous_14)
FNDA:0,toDomain
DA:25,0
DA:29,0
DA:31,0
DA:32,0
DA:48,0
DA:55,0
DA:59,0
DA:60,0
DA:63,0
DA:67,0
DA:68,0
DA:72,0
DA:76,0
DA:77,0
DA:81,0
DA:84,0
DA:85,0
DA:87,0
DA:90,0
DA:91,0
DA:92,0
DA:93,0
DA:97,0
DA:101,0
DA:102,0
DA:103,0
DA:104,0
DA:109,0
DA:110,0
DA:111,0
DA:112,0
DA:117,0
DA:118,0
DA:121,0
DA:125,0
DA:127,0
DA:128,0
DA:129,0
DA:130,0
DA:131,0
DA:132,0
DA:133,0
DA:135,0
DA:136,0
DA:142,0
DA:143,0
DA:152,0
DA:153,0
DA:163,0
DA:164,0
DA:175,0
DA:176,0
DA:185,0
DA:186,0
DA:198,0
DA:199,0
DA:201,0
DA:202,0
DA:203,0
DA:204,0
DA:210,0
DA:221,0
LF:62
LH:0
BRDA:41,0,0,0
BRDA:41,0,1,0
BRDA:42,1,0,0
BRDA:42,1,1,0
BRDA:43,2,0,0
BRDA:43,2,1,0
BRDA:72,3,0,0
BRDA:72,3,1,0
BRDA:81,4,0,0
BRDA:81,4,1,0
BRDA:91,5,0,0
BRDA:91,5,1,0
BRDA:121,6,0,0
BRDA:121,6,1,0
BRDA:146,7,0,0
BRDA:146,7,1,0
BRDA:147,8,0,0
BRDA:147,8,1,0
BRDA:147,9,0,0
BRDA:147,9,1,0
BRDA:157,10,0,0
BRDA:157,10,1,0
BRDA:159,11,0,0
BRDA:159,11,1,0
BRDA:163,12,0,0
BRDA:163,12,1,0
BRDA:167,13,0,0
BRDA:167,13,1,0
BRDA:168,14,0,0
BRDA:168,14,1,0
BRDA:168,15,0,0
BRDA:168,15,1,0
BRDA:168,16,0,0
BRDA:168,16,1,0
BRDA:169,17,0,0
BRDA:169,17,1,0
BRDA:169,18,0,0
BRDA:169,18,1,0
BRDA:169,19,0,0
BRDA:169,19,1,0
BRDA:170,20,0,0
BRDA:170,20,1,0
BRDA:170,21,0,0
BRDA:170,21,1,0
BRDA:181,22,0,0
BRDA:181,22,1,0
BRDA:189,23,0,0
BRDA:189,23,1,0
BRDA:189,24,0,0
BRDA:189,24,1,0
BRDA:190,25,0,0
BRDA:190,25,1,0
BRDA:190,26,0,0
BRDA:190,26,1,0
BRDA:201,27,0,0
BRDA:201,27,1,0
BRDA:229,28,0,0
BRDA:229,28,1,0
BRF:58
BRH:0
end_of_record
TN:
SF:src/modules/backup/infrastructure/services/AutoBackupService.ts
FN:25,constructor
FN:34,onSessionStart
FN:65,startMonitoring
FN:68,(anonymous_3)
FN:73,stopMonitoring
FN:80,createPreDeleteBackup
FN:94,createManualBackup
FN:110,isCurrentlyRunning
FN:114,checkAndBackup
FN:144,getLastBackupState
FNF:10
FNH:8
FNDA:15,constructor
FNDA:8,onSessionStart
FNDA:3,startMonitoring
FNDA:0,(anonymous_3)
FNDA:2,stopMonitoring
FNDA:1,createPreDeleteBackup
FNDA:2,createManualBackup
FNDA:1,isCurrentlyRunning
FNDA:0,checkAndBackup
FNDA:6,getLastBackupState
DA:13,1
DA:21,15
DA:22,15
DA:23,15
DA:26,15
DA:27,15
DA:28,15
DA:31,15
DA:35,8
DA:36,6
DA:38,6
DA:39,6
DA:40,6
DA:42,6
DA:43,4
DA:47,4
DA:48,4
DA:51,2
DA:52,2
DA:53,1
DA:59,2
DA:61,6
DA:66,3
DA:68,2
DA:69,0
DA:74,2
DA:75,2
DA:76,2
DA:81,1
DA:83,1
DA:84,1
DA:85,1
DA:90,1
DA:95,2
DA:96,1
DA:99,1
DA:100,1
DA:101,1
DA:106,1
DA:111,1
DA:115,0
DA:116,0
DA:118,0
DA:119,0
DA:120,0
DA:121,0
DA:124,0
DA:125,0
DA:126,0
DA:128,0
DA:135,0
DA:138,0
DA:140,0
DA:145,6
DA:146,6
DA:148,2
DA:149,2
DA:158,6
LF:58
LH:44
BRDA:29,0,0,15
BRDA:35,1,0,2
BRDA:35,1,1,6
BRDA:35,2,0,8
BRDA:35,2,1,7
BRDA:42,3,0,4
BRDA:42,3,1,2
BRDA:52,4,0,1
BRDA:52,4,1,1
BRDA:66,5,0,1
BRDA:66,5,1,2
BRDA:66,6,0,3
BRDA:66,6,1,3
BRDA:74,7,0,2
BRDA:74,7,1,0
BRDA:81,8,0,0
BRDA:81,8,1,1
BRDA:81,9,0,1
BRDA:81,9,1,1
BRDA:95,10,0,1
BRDA:95,10,1,1
BRDA:115,11,0,0
BRDA:115,11,1,0
BRDA:119,12,0,0
BRDA:119,12,1,0
BRDA:125,13,0,0
BRDA:125,13,1,0
BRDA:129,14,0,0
BRDA:129,14,1,0
BRDA:146,15,0,4
BRDA:146,15,1,2
BRDA:154,16,0,2
BRDA:154,16,1,0
BRF:33
BRH:22
end_of_record
TN:
SF:src/modules/backup/infrastructure/services/BackupImageCollector.ts
FN:8,fileToBase64DataUri
FN:21,referencedImageUris
FN:32,assertBackupIsComplete
FN:37,(anonymous_3)
FN:38,(anonymous_4)
FN:50,collectBackupImages
FN:80,restoreBackupImages
FN:121,restoredPathHash
FNF:8
FNH:0
FNDA:0,fileToBase64DataUri
FNDA:0,referencedImageUris
FNDA:0,assertBackupIsComplete
FNDA:0,(anonymous_3)
FNDA:0,(anonymous_4)
FNDA:0,collectBackupImages
FNDA:0,restoreBackupImages
FNDA:0,restoredPathHash
DA:6,0
DA:9,0
DA:10,0
DA:11,0
DA:12,0
DA:13,0
DA:14,0
DA:15,0
DA:17,0
DA:22,0
DA:24,0
DA:25,0
DA:27,0
DA:29,0
DA:37,0
DA:38,0
DA:39,0
DA:42,0
DA:43,0
DA:54,0
DA:55,0
DA:56,0
DA:58,0
DA:59,0
DA:60,0
DA:61,0
DA:63,0
DA:67,0
DA:68,0
DA:74,0
DA:75,0
DA:83,0
DA:85,0
DA:86,0
DA:88,0
DA:89,0
DA:90,0
DA:91,0
DA:94,0
DA:95,0
DA:98,0
DA:100,0
DA:101,0
DA:103,0
DA:104,0
DA:106,0
DA:107,0
DA:109,0
DA:111,0
DA:118,0
DA:122,0
DA:123,0
DA:124,0
DA:126,0
LF:54
LH:0
BRDA:11,0,0,0
BRDA:11,0,1,0
BRDA:13,1,0,0
BRDA:13,1,1,0
BRDA:14,2,0,0
BRDA:14,2,1,0
BRDA:25,3,0,0
BRDA:25,3,1,0
BRDA:27,4,0,0
BRDA:27,4,1,0
BRDA:42,5,0,0
BRDA:42,5,1,0
BRDA:42,6,0,0
BRDA:42,6,1,0
BRDA:60,7,0,0
BRDA:60,7,1,0
BRDA:67,8,0,0
BRDA:67,8,1,0
BRDA:83,9,0,0
BRDA:83,9,1,0
BRDA:83,10,0,0
BRDA:83,10,1,0
BRDA:90,11,0,0
BRDA:90,11,1,0
BRDA:95,12,0,0
BRDA:95,12,1,0
BRDA:98,13,0,0
BRDA:98,13,1,0
BRDA:106,14,0,0
BRDA:106,14,1,0
BRDA:106,15,0,0
BRDA:106,15,1,0
BRDA:113,16,0,0
BRDA:113,16,1,0
BRF:34
BRH:0
end_of_record
TN:
SF:src/modules/backup/infrastructure/services/ChangeDetector.ts
FN:11,constructor
FN:20,capture
FN:46,hasChanged
FN:51,hasMassiveDeletion
FNF:4
FNH:4
FNDA:14,constructor
FNDA:13,capture
FNDA:2,hasChanged
FNDA:1,hasMassiveDeletion
DA:12,14
DA:13,14
DA:14,14
DA:15,14
DA:16,14
DA:17,14
DA:21,13
DA:30,13
DA:39,13
DA:47,2
DA:48,2
DA:52,1
DA:54,1
DA:58,1
DA:62,1
DA:66,1
LF:16
LH:16
BRDA:51,0,0,1
BRDA:54,1,0,1
BRDA:54,1,1,0
BRDA:58,2,0,0
BRDA:58,2,1,1
BRDA:62,3,0,0
BRDA:62,3,1,1
BRDA:66,4,0,1
BRDA:66,4,1,0
BRDA:66,4,2,0
BRF:10
BRH:5
end_of_record
TN:
SF:src/modules/backup/infrastructure/services/FileImportService.ts
FN:21,ensureAllTablesExist
FN:45,clearAllTables
FN:56,importBackupFromFile
FN:84,(anonymous_3)
FN:130,(anonymous_4)
FN:145,(anonymous_5)
FN:158,(anonymous_6)
FN:170,(anonymous_7)
FN:183,(anonymous_8)
FN:198,(anonymous_9)
FNF:10
FNH:0
FNDA:0,ensureAllTablesExist
FNDA:0,clearAllTables
FNDA:0,importBackupFromFile
FNDA:0,(anonymous_3)
FNDA:0,(anonymous_4)
FNDA:0,(anonymous_5)
FNDA:0,(anonymous_6)
FNDA:0,(anonymous_7)
FNDA:0,(anonymous_8)
FNDA:0,(anonymous_9)
DA:22,0
DA:25,0
DA:30,0
DA:34,0
DA:38,0
DA:46,0
DA:47,0
DA:48,0
DA:49,0
DA:64,0
DA:65,0
DA:66,0
DA:68,0
DA:69,0
DA:70,0
DA:74,0
DA:75,0
DA:77,0
DA:80,0
DA:81,0
DA:82,0
DA:83,0
DA:84,0
DA:90,0
DA:99,0
DA:108,0
DA:118,0
DA:119,0
DA:120,0
DA:123,0
DA:124,0
DA:126,0
DA:127,0
DA:129,0
DA:130,0
DA:131,0
DA:132,0
DA:138,0
DA:141,0
DA:142,0
DA:143,0
DA:144,0
DA:145,0
DA:146,0
DA:147,0
DA:154,0
DA:157,0
DA:158,0
DA:159,0
DA:160,0
DA:166,0
DA:169,0
DA:170,0
DA:171,0
DA:172,0
DA:179,0
DA:182,0
DA:183,0
DA:184,0
DA:185,0
DA:193,0
DA:195,0
DA:196,0
DA:197,0
DA:198,0
DA:199,0
DA:200,0
DA:201,0
DA:206,0
LF:69
LH:0
BRDA:65,0,0,0
BRDA:65,0,1,0
BRDA:69,1,0,0
BRDA:69,1,1,0
BRDA:69,2,0,0
BRDA:69,2,1,0
BRDA:81,3,0,0
BRDA:81,3,1,0
BRDA:86,4,0,0
BRDA:86,4,1,0
BRDA:87,5,0,0
BRDA:87,5,1,0
BRDA:90,6,0,0
BRDA:90,6,1,0
BRDA:93,7,0,0
BRDA:93,7,1,0
BRDA:94,8,0,0
BRDA:94,8,1,0
BRDA:119,9,0,0
BRDA:119,9,1,0
BRDA:119,10,0,0
BRDA:119,10,1,0
BRDA:119,10,2,0
BRDA:119,10,3,0
BRDA:129,11,0,0
BRDA:129,11,1,0
BRDA:141,12,0,0
BRDA:141,12,1,0
BRDA:157,13,0,0
BRDA:157,13,1,0
BRDA:162,14,0,0
BRDA:162,14,1,0
BRDA:169,15,0,0
BRDA:169,15,1,0
BRDA:174,16,0,0
BRDA:174,16,1,0
BRDA:175,17,0,0
BRDA:175,17,1,0
BRDA:175,18,0,0
BRDA:175,18,1,0
BRDA:175,19,0,0
BRDA:175,19,1,0
BRDA:182,20,0,0
BRDA:182,20,1,0
BRDA:197,21,0,0
BRDA:197,21,1,0
BRF:46
BRH:0
end_of_record
TN:
SF:src/modules/catalogs/application/dtos/CatalogDtos.ts
FNF:0
FNH:0
DA:4,2
LF:1
LH:1
BRF:0
BRH:0
end_of_record
TN:
SF:src/modules/catalogs/application/use-cases/CatalogUseCases.ts
FN:21,constructor
FN:30,execute
FN:39,(anonymous_2)
FN:44,(anonymous_3)
FN:103,(anonymous_4)
FN:110,constructor_2
FN:112,execute_2
FN:118,constructor_3
FN:120,execute_3
FN:124,shareFile
FN:130,constructor_4
FN:132,execute_4
FN:138,constructor_5
FN:140,execute_5
FNF:14
FNH:9
FNDA:6,constructor
FNDA:6,execute
FNDA:8,(anonymous_2)
FNDA:0,(anonymous_3)
FNDA:0,(anonymous_4)
FNDA:0,constructor_2
FNDA:0,execute_2
FNDA:2,constructor_3
FNDA:2,execute_3
FNDA:0,shareFile
FNDA:1,constructor_4
FNDA:1,execute_4
FNDA:2,constructor_5
FNDA:2,execute_5
DA:22,6
DA:23,6
DA:24,6
DA:25,6
DA:26,6
DA:27,6
DA:34,6
DA:35,6
DA:36,6
DA:38,6
DA:39,5
DA:40,8
DA:43,5
DA:44,0
DA:45,0
DA:48,5
DA:49,0
DA:52,5
DA:54,6
DA:56,6
DA:57,6
DA:58,6
DA:59,1
DA:61,5
DA:63,4
DA:64,4
DA:77,4
DA:78,0
DA:81,4
DA:93,6
DA:95,4
DA:105,6
DA:110,0
DA:113,0
DA:118,2
DA:121,2
DA:125,0
DA:130,1
DA:133,1
DA:138,2
DA:141,2
DA:143,2
DA:144,1
DA:147,1
DA:153,1
DA:154,1
LF:46
LH:39
BRDA:35,0,0,6
BRDA:35,0,1,4
BRDA:36,1,0,6
BRDA:36,1,1,4
BRDA:36,2,0,4
BRDA:36,2,1,0
BRDA:43,3,0,0
BRDA:43,3,1,5
BRDA:43,4,0,5
BRDA:43,4,1,0
BRDA:48,5,0,0
BRDA:48,5,1,5
BRDA:52,6,0,5
BRDA:52,6,1,1
BRDA:52,6,2,0
BRDA:58,7,0,1
BRDA:58,7,1,5
BRDA:77,8,0,0
BRDA:77,8,1,4
BRDA:77,9,0,4
BRDA:77,9,1,4
BRDA:77,9,2,4
BRDA:85,10,0,1
BRDA:85,10,1,3
BRDA:143,11,0,1
BRDA:143,11,1,1
BRF:26
BRH:20
end_of_record
TN:
SF:src/modules/catalogs/infrastructure/repositories/SQLiteCatalogRepository.ts
FN:13,toCatalog
FN:23,create
FN:41,update
FN:58,delete
FN:88,findAll
FN:96,findById
FNF:6
FNH:0
FNDA:0,toCatalog
FNDA:0,create
FNDA:0,update
FNDA:0,delete
FNDA:0,findAll
FNDA:0,findById
DA:14,0
DA:24,0
DA:25,0
DA:42,0
DA:43,0
DA:59,0
DA:60,0
DA:62,0
DA:64,0
DA:65,0
DA:68,0
DA:73,0
DA:74,0
DA:77,0
DA:78,0
DA:80,0
DA:81,0
DA:89,0
DA:90,0
DA:93,0
DA:97,0
DA:98,0
DA:102,0
LF:23
LH:0
BRDA:17,0,0,0
BRDA:17,0,1,0
BRDA:18,1,0,0
BRDA:18,1,1,0
BRDA:32,2,0,0
BRDA:32,2,1,0
BRDA:36,3,0,0
BRDA:36,3,1,0
BRDA:49,4,0,0
BRDA:49,4,1,0
BRDA:53,5,0,0
BRDA:53,5,1,0
BRDA:64,6,0,0
BRDA:64,6,1,0
BRDA:73,7,0,0
BRDA:73,7,1,0
BRDA:73,8,0,0
BRDA:73,8,1,0
BRDA:80,9,0,0
BRDA:80,9,1,0
BRDA:102,10,0,0
BRDA:102,10,1,0
BRF:22
BRH:0
end_of_record
TN:
SF:src/modules/editorial/application/dtos/EditorialContentDtos.ts
FNF:0
FNH:0
DA:3,0
LF:1
LH:0
BRF:0
BRH:0
end_of_record
TN:
SF:src/modules/editorial/application/use-cases/EditorialContentUseCases.ts
FN:15,execute
FN:41,(anonymous_1)
FN:49,(anonymous_2)
FN:50,(anonymous_3)
FN:76,execute_2
FN:93,execute_3
FN:107,execute_4
FN:115,executeField
FNF:8
FNH:0
FNDA:0,execute
FNDA:0,(anonymous_1)
FNDA:0,(anonymous_2)
FNDA:0,(anonymous_3)
FNDA:0,execute_2
FNDA:0,execute_3
FNDA:0,execute_4
FNDA:0,executeField
DA:13,0
DA:20,0
DA:21,0
DA:22,0
DA:23,0
DA:26,0
DA:33,0
DA:41,0
DA:49,0
DA:50,0
DA:51,0
DA:63,0
DA:74,0
DA:81,0
DA:91,0
DA:94,0
DA:105,0
DA:108,0
DA:113,0
DA:120,0
DA:121,0
DA:122,0
DA:123,0
DA:124,0
DA:125,0
DA:126,0
LF:26
LH:0
BRDA:23,0,0,0
BRDA:23,0,1,0
BRDA:27,1,0,0
BRDA:27,1,1,0
BRDA:28,2,0,0
BRDA:28,2,1,0
BRDA:45,3,0,0
BRDA:45,3,1,0
BRDA:50,4,0,0
BRDA:50,4,1,0
BRDA:82,5,0,0
BRDA:82,5,1,0
BRDA:83,6,0,0
BRDA:83,6,1,0
BRDA:120,7,0,0
BRDA:120,7,1,0
BRDA:120,7,2,0
BRDA:120,7,3,0
BRDA:120,7,4,0
BRDA:120,7,5,0
BRF:20
BRH:0
end_of_record
TN:
SF:src/modules/families/application/dtos/FamilyDtos.ts
FNF:0
FNH:0
DA:3,2
LF:1
LH:1
BRF:0
BRH:0
end_of_record
TN:
SF:src/modules/families/application/use-cases/FamilyUseCases.ts
FN:10,constructor
FN:12,execute
FN:28,constructor_2
FN:30,execute_2
FN:45,constructor_3
FN:50,execute_3
FNF:6
FNH:6
FNDA:5,constructor
FNDA:5,execute
FNDA:2,constructor_2
FNDA:2,execute_2
FNDA:1,constructor_3
FNDA:1,execute_3
DA:10,5
DA:13,5
DA:14,5
DA:15,5
DA:22,5
DA:23,4
DA:28,2
DA:31,2
DA:33,2
DA:34,1
DA:37,1
DA:38,1
DA:39,1
DA:40,1
DA:46,1
DA:47,1
DA:51,1
DA:52,1
DA:53,0
DA:55,1
LF:20
LH:19
BRDA:33,0,0,1
BRDA:33,0,1,1
BRDA:52,1,0,0
BRDA:52,1,1,1
BRF:4
BRH:3
end_of_record
TN:
SF:src/modules/families/infrastructure/repositories/SQLiteFamilyRepository.ts
FN:6,create
FN:17,update
FN:27,delete
FN:32,findAll
FN:37,findById
FNF:5
FNH:0
FNDA:0,create
FNDA:0,update
FNDA:0,delete
FNDA:0,findAll
FNDA:0,findById
DA:7,0
DA:8,0
DA:18,0
DA:19,0
DA:28,0
DA:29,0
DA:33,0
DA:34,0
DA:38,0
DA:39,0
LF:10
LH:0
BRF:0
BRH:0
end_of_record
TN:
SF:src/modules/orders/application/dtos/OrderDtos.ts
FNF:0
FNH:0
DA:3,0
DA:14,0
LF:2
LH:0
BRF:0
BRH:0
end_of_record
TN:
SF:src/modules/orders/application/use-cases/AddToCartUseCase.ts
FN:5,constructor
FN:7,execute
FN:9,(anonymous_2)
FN:13,(anonymous_3)
FNF:4
FNH:0
FNDA:0,constructor
FNDA:0,execute
FNDA:0,(anonymous_2)
FNDA:0,(anonymous_3)
DA:5,0
DA:8,0
DA:9,0
DA:12,0
DA:13,0
DA:14,0
DA:19,0
DA:22,0
DA:23,0
LF:9
LH:0
BRDA:12,0,0,0
BRDA:12,0,1,0
BRDA:14,1,0,0
BRDA:14,1,1,0
BRF:4
BRH:0
end_of_record
TN:
SF:src/modules/orders/application/use-cases/CartUseCases.ts
FN:5,constructor
FN:7,execute
FN:13,constructor_2
FN:15,execute_2
FN:17,(anonymous_4)
FN:22,(anonymous_5)
FN:37,constructor_3
FN:39,execute_3
FN:43,(anonymous_8)
FN:48,(anonymous_9)
FN:60,constructor_4
FN:62,execute_4
FN:64,(anonymous_12)
FN:76,constructor_5
FN:78,execute_5
FN:80,(anonymous_15)
FN:87,constructor_6
FN:89,execute_6
FNF:18
FNH:9
FNDA:0,constructor
FNDA:0,execute
FNDA:3,constructor_2
FNDA:5,execute_2
FNDA:2,(anonymous_4)
FNDA:2,(anonymous_5)
FNDA:1,constructor_3
FNDA:1,execute_3
FNDA:0,(anonymous_8)
FNDA:2,(anonymous_9)
FNDA:0,constructor_4
FNDA:0,execute_4
FNDA:0,(anonymous_12)
FNDA:0,constructor_5
FNDA:0,execute_5
FNDA:0,(anonymous_15)
FNDA:1,constructor_6
FNDA:1,execute_6
DA:5,0
DA:8,0
DA:13,3
DA:16,5
DA:17,5
DA:20,5
DA:21,1
DA:22,1
DA:23,2
DA:28,4
DA:31,5
DA:32,5
DA:37,1
DA:40,1
DA:42,1
DA:43,0
DA:44,0
DA:45,0
DA:48,1
DA:49,2
DA:54,1
DA:55,1
DA:60,0
DA:63,0
DA:64,0
DA:65,0
DA:70,0
DA:71,0
DA:76,0
DA:79,0
DA:80,0
DA:81,0
DA:82,0
DA:87,1
DA:90,1
LF:35
LH:19
BRDA:20,0,0,1
BRDA:20,0,1,4
BRDA:23,1,0,1
BRDA:23,1,1,1
BRDA:42,2,0,0
BRDA:42,2,1,1
BRDA:49,3,0,1
BRDA:49,3,1,1
BRDA:65,4,0,0
BRDA:65,4,1,0
BRF:10
BRH:7
end_of_record
TN:
SF:src/modules/orders/application/use-cases/ClearCartUseCase.ts
FN:4,constructor
FN:6,execute
FNF:2
FNH:0
FNDA:0,constructor
FNDA:0,execute
DA:4,0
DA:7,0
LF:2
LH:0
BRF:0
BRH:0
end_of_record
TN:
SF:src/modules/orders/application/use-cases/DeleteOrderUseCase.ts
FN:4,constructor
FN:6,execute
FNF:2
FNH:2
FNDA:2,constructor
FNDA:3,execute
DA:4,2
DA:7,3
LF:2
LH:2
BRF:0
BRH:0
end_of_record
TN:
SF:src/modules/orders/application/use-cases/GenerateOrderPdfUseCase.ts
FN:9,constructor
FN:11,execute
FNF:2
FNH:2
FNDA:1,constructor
FNDA:1,execute
DA:9,1
DA:12,1
LF:2
LH:2
BRF:0
BRH:0
end_of_record
TN:
SF:src/modules/orders/application/use-cases/GenerateOrderUseCase.ts
FN:10,constructor
FN:16,execute
FN:66,(anonymous_2)
FN:71,(anonymous_3)
FN:76,(anonymous_4)
FN:92,(anonymous_5)
FN:99,(anonymous_6)
FNF:7
FNH:7
FNDA:13,constructor
FNDA:15,execute
FNDA:2,(anonymous_2)
FNDA:10,(anonymous_3)
FNDA:10,(anonymous_4)
FNDA:10,(anonymous_5)
FNDA:8,(anonymous_6)
DA:11,13
DA:12,13
DA:13,13
DA:17,15
DA:19,15
DA:20,1
DA:23,14
DA:24,16
DA:25,1
DA:27,15
DA:28,0
DA:30,15
DA:31,0
DA:33,15
DA:34,1
DA:35,1
DA:38,14
DA:39,1
DA:40,0
DA:42,1
DA:43,1
DA:44,1
DA:49,11
DA:50,11
DA:51,13
DA:52,13
DA:53,1
DA:55,12
DA:56,2
DA:64,10
DA:65,2
DA:66,2
DA:68,2
DA:71,10
DA:76,10
DA:78,8
DA:92,10
DA:97,8
DA:100,8
DA:103,8
LF:40
LH:37
BRDA:19,0,0,1
BRDA:19,0,1,14
BRDA:24,1,0,1
BRDA:24,1,1,15
BRDA:24,2,0,16
BRDA:24,2,1,15
BRDA:24,2,2,15
BRDA:27,3,0,0
BRDA:27,3,1,15
BRDA:27,4,0,15
BRDA:27,4,1,15
BRDA:30,5,0,0
BRDA:30,5,1,15
BRDA:30,6,0,15
BRDA:30,6,1,15
BRDA:33,7,0,1
BRDA:33,7,1,14
BRDA:34,8,0,1
BRDA:34,8,1,0
BRDA:34,9,0,1
BRDA:34,9,1,1
BRDA:34,9,2,1
BRDA:38,10,0,1
BRDA:38,10,1,13
BRDA:39,11,0,0
BRDA:39,11,1,1
BRDA:39,12,0,1
BRDA:39,12,1,1
BRDA:43,13,0,1
BRDA:43,13,1,0
BRDA:52,14,0,1
BRDA:52,14,1,12
BRDA:55,15,0,2
BRDA:55,15,1,10
BRDA:64,16,0,2
BRDA:64,16,1,8
BRF:36
BRH:31
end_of_record
TN:
SF:src/modules/orders/application/use-cases/GetCartItemsUseCase.ts
FN:5,constructor
FN:7,execute
FNF:2
FNH:0
FNDA:0,constructor
FNDA:0,execute
DA:5,0
DA:8,0
LF:2
LH:0
BRF:0
BRH:0
end_of_record
TN:
SF:src/modules/orders/application/use-cases/GetOrdersUseCase.ts
FN:5,constructor
FN:7,execute
FNF:2
FNH:2
FNDA:2,constructor
FNDA:3,execute
DA:5,2
DA:8,3
LF:2
LH:2
BRF:0
BRH:0
end_of_record
TN:
SF:src/modules/orders/application/use-cases/OrderUseCases.ts
FNF:0
FNH:0
LF:0
LH:0
BRF:0
BRH:0
end_of_record
TN:
SF:src/modules/orders/application/use-cases/PurchaseCartUseCases.ts
FN:5,constructor
FN:7,execute
FN:13,constructor_2
FN:15,execute_2
FN:17,(anonymous_4)
FN:22,(anonymous_5)
FN:37,constructor_3
FN:39,execute_3
FN:43,(anonymous_8)
FN:48,(anonymous_9)
FN:60,constructor_4
FN:62,execute_4
FN:64,(anonymous_12)
FN:76,constructor_5
FN:78,execute_5
FN:80,(anonymous_15)
FN:87,constructor_6
FN:89,execute_6
FNF:18
FNH:0
FNDA:0,constructor
FNDA:0,execute
FNDA:0,constructor_2
FNDA:0,execute_2
FNDA:0,(anonymous_4)
FNDA:0,(anonymous_5)
FNDA:0,constructor_3
FNDA:0,execute_3
FNDA:0,(anonymous_8)
FNDA:0,(anonymous_9)
FNDA:0,constructor_4
FNDA:0,execute_4
FNDA:0,(anonymous_12)
FNDA:0,constructor_5
FNDA:0,execute_5
FNDA:0,(anonymous_15)
FNDA:0,constructor_6
FNDA:0,execute_6
DA:5,0
DA:8,0
DA:13,0
DA:16,0
DA:17,0
DA:20,0
DA:21,0
DA:22,0
DA:23,0
DA:28,0
DA:31,0
DA:32,0
DA:37,0
DA:40,0
DA:42,0
DA:43,0
DA:44,0
DA:45,0
DA:48,0
DA:49,0
DA:54,0
DA:55,0
DA:60,0
DA:63,0
DA:64,0
DA:65,0
DA:70,0
DA:71,0
DA:76,0
DA:79,0
DA:80,0
DA:81,0
DA:82,0
DA:87,0
DA:90,0
LF:35
LH:0
BRDA:20,0,0,0
BRDA:20,0,1,0
BRDA:23,1,0,0
BRDA:23,1,1,0
BRDA:42,2,0,0
BRDA:42,2,1,0
BRDA:49,3,0,0
BRDA:49,3,1,0
BRDA:65,4,0,0
BRDA:65,4,1,0
BRF:10
BRH:0
end_of_record
TN:
SF:src/modules/orders/application/use-cases/RecordPaymentUseCase.ts
FN:5,constructor
FN:7,execute
FNF:2
FNH:2
FNDA:1,constructor
FNDA:3,execute
DA:5,1
DA:8,3
DA:9,3
DA:10,0
DA:13,3
DA:14,0
DA:17,3
DA:18,3
DA:19,3
DA:20,1
DA:22,2
DA:23,0
DA:26,2
DA:27,2
DA:33,3
DA:39,3
DA:40,2
LF:17
LH:14
BRDA:9,0,0,0
BRDA:9,0,1,3
BRDA:13,1,0,0
BRDA:13,1,1,3
BRDA:13,2,0,3
BRDA:13,2,1,3
BRDA:17,3,0,3
BRDA:17,3,1,0
BRDA:17,4,0,0
BRDA:17,4,1,0
BRDA:19,5,0,1
BRDA:19,5,1,2
BRDA:22,6,0,0
BRDA:22,6,1,2
BRDA:27,7,0,1
BRDA:27,7,1,1
BRDA:29,8,0,1
BRDA:29,8,1,0
BRF:18
BRH:11
end_of_record
TN:
SF:src/modules/orders/application/use-cases/RemoveFromCartUseCase.ts
FN:5,constructor
FN:7,execute
FN:9,(anonymous_2)
FNF:3
FNH:0
FNDA:0,constructor
FNDA:0,execute
FNDA:0,(anonymous_2)
DA:5,0
DA:8,0
DA:9,0
DA:10,0
DA:11,0
LF:5
LH:0
BRF:0
BRH:0
end_of_record
TN:
SF:src/modules/orders/application/use-cases/ToggleOrderStatusUseCase.ts
FN:5,constructor
FN:7,execute
FNF:2
FNH:0
FNDA:0,constructor
FNDA:0,execute
DA:5,0
DA:8,0
DA:9,0
DA:10,0
DA:16,0
DA:17,0
DA:18,0
DA:19,0
DA:20,0
DA:21,0
DA:23,0
DA:24,0
DA:27,0
DA:33,0
DA:34,0
LF:15
LH:0
BRDA:9,0,0,0
BRDA:9,0,1,0
BRDA:16,1,0,0
BRDA:16,1,1,0
BRDA:19,2,0,0
BRDA:19,2,1,0
BRDA:21,3,0,0
BRDA:21,3,1,0
BRF:8
BRH:0
end_of_record
TN:
SF:src/modules/orders/application/use-cases/UpdateCartItemUseCase.ts
FN:5,constructor
FN:7,execute
FN:11,(anonymous_2)
FN:16,(anonymous_3)
FNF:4
FNH:0
FNDA:0,constructor
FNDA:0,execute
FNDA:0,(anonymous_2)
FNDA:0,(anonymous_3)
DA:5,0
DA:8,0
DA:10,0
DA:11,0
DA:12,0
DA:13,0
DA:16,0
DA:17,0
DA:22,0
DA:23,0
LF:10
LH:0
BRDA:10,0,0,0
BRDA:10,0,1,0
BRDA:17,1,0,0
BRDA:17,1,1,0
BRF:4
BRH:0
end_of_record
TN:
SF:src/modules/orders/application/use-cases/UpdateOrderUseCase.ts
FN:7,constructor
FN:12,execute
FN:27,(anonymous_2)
FN:32,(anonymous_3)
FNF:4
FNH:0
FNDA:0,constructor
FNDA:0,execute
FNDA:0,(anonymous_2)
FNDA:0,(anonymous_3)
DA:8,0
DA:9,0
DA:18,0
DA:19,0
DA:20,0
DA:23,0
DA:24,0
DA:27,0
DA:32,0
DA:34,0
DA:43,0
DA:45,0
DA:46,0
DA:47,0
DA:48,0
DA:52,0
DA:53,0
DA:54,0
DA:55,0
DA:56,0
DA:57,0
DA:59,0
DA:63,0
LF:23
LH:0
BRDA:19,0,0,0
BRDA:19,0,1,0
BRDA:23,1,0,0
BRDA:23,1,1,0
BRDA:40,2,0,0
BRDA:40,2,1,0
BRDA:47,3,0,0
BRDA:47,3,1,0
BRDA:54,4,0,0
BRDA:54,4,1,0
BRDA:56,5,0,0
BRDA:56,5,1,0
BRF:12
BRH:0
end_of_record
TN:
SF:src/modules/orders/application/use-cases/formatOrderAsText.ts
FN:4,formatOrderAsText
FN:38,(anonymous_1)
FNF:2
FNH:2
FNDA:1,formatOrderAsText
FNDA:2,(anonymous_1)
DA:5,1
DA:7,1
DA:8,1
DA:10,1
DA:11,1
DA:12,1
DA:13,1
DA:14,1
DA:15,1
DA:16,1
DA:17,1
DA:18,1
DA:19,1
DA:20,1
DA:21,1
DA:24,1
DA:25,1
DA:26,1
DA:27,1
DA:28,1
DA:29,1
DA:30,1
DA:31,1
DA:32,0
DA:33,0
DA:35,1
DA:36,1
DA:38,1
DA:39,2
DA:40,2
DA:41,2
DA:42,2
DA:43,0
DA:46,0
DA:47,0
DA:49,2
DA:51,2
DA:54,1
DA:55,1
DA:56,1
DA:57,1
DA:59,1
DA:60,1
DA:61,1
DA:64,1
DA:65,1
DA:66,1
DA:67,1
DA:69,1
LF:49
LH:44
BRDA:10,0,0,1
BRDA:10,0,1,0
BRDA:11,1,0,1
BRDA:11,1,1,0
BRDA:12,2,0,1
BRDA:12,2,1,0
BRDA:13,3,0,1
BRDA:13,3,1,0
BRDA:14,4,0,1
BRDA:14,4,1,0
BRDA:15,5,0,1
BRDA:15,5,1,0
BRDA:16,6,0,1
BRDA:16,6,1,0
BRDA:18,7,0,0
BRDA:18,7,1,1
BRDA:19,8,0,0
BRDA:19,8,1,1
BRDA:20,9,0,0
BRDA:20,9,1,1
BRDA:30,10,0,0
BRDA:30,10,1,1
BRDA:30,11,0,0
BRDA:30,11,1,1
BRDA:31,12,0,0
BRDA:31,12,1,1
BRDA:39,13,0,2
BRDA:39,13,1,0
BRDA:41,14,0,0
BRDA:41,14,1,2
BRDA:42,15,0,0
BRDA:42,15,1,2
BRDA:43,16,0,0
BRDA:43,16,1,0
BRDA:59,17,0,1
BRDA:59,17,1,0
BRF:36
BRH:17
end_of_record
TN:
SF:src/modules/orders/infrastructure/OrderPdfGenerator.ts
FN:8,formatOrderNumber
FN:12,resolveLogoDataUri
FN:25,generate
FN:52,buildHtml
FN:65,(anonymous_4)
FNF:5
FNH:0
FNDA:0,formatOrderNumber
FNDA:0,resolveLogoDataUri
FNDA:0,generate
FNDA:0,buildHtml
FNDA:0,(anonymous_4)
DA:9,0
DA:13,0
DA:14,0
DA:15,0
DA:16,0
DA:17,0
DA:18,0
DA:20,0
DA:26,0
DA:27,0
DA:29,0
DA:34,0
DA:35,0
DA:37,0
DA:38,0
DA:43,0
DA:45,0
DA:46,0
DA:49,0
DA:53,0
DA:54,0
DA:55,0
DA:60,0
DA:65,0
DA:66,0
DA:67,0
DA:73,0
DA:91,0
DA:118,0
LF:29
LH:0
BRDA:13,0,0,0
BRDA:13,0,1,0
BRDA:13,1,0,0
BRDA:13,1,1,0
BRDA:13,2,0,0
BRDA:13,2,1,0
BRDA:16,3,0,0
BRDA:16,3,1,0
BRDA:45,4,0,0
BRDA:45,4,1,0
BRDA:45,5,0,0
BRDA:45,5,1,0
BRDA:53,6,0,0
BRDA:53,6,1,0
BRDA:53,7,0,0
BRDA:53,7,1,0
BRDA:55,8,0,0
BRDA:55,8,1,0
BRDA:57,9,0,0
BRDA:57,9,1,0
BRDA:60,10,0,0
BRDA:60,10,1,0
BRDA:62,11,0,0
BRDA:62,11,1,0
BRDA:66,12,0,0
BRDA:66,12,1,0
BRDA:67,13,0,0
BRDA:67,13,1,0
BRDA:68,14,0,0
BRDA:68,14,1,0
BRDA:78,15,0,0
BRDA:78,15,1,0
BRDA:79,16,0,0
BRDA:79,16,1,0
BRDA:85,17,0,0
BRDA:85,17,1,0
BRDA:91,18,0,0
BRDA:91,18,1,0
BRDA:94,19,0,0
BRDA:94,19,1,0
BRDA:97,20,0,0
BRDA:97,20,1,0
BRDA:101,21,0,0
BRDA:101,21,1,0
BRDA:102,22,0,0
BRDA:102,22,1,0
BRDA:103,23,0,0
BRDA:103,23,1,0
BRDA:105,24,0,0
BRDA:105,24,1,0
BRDA:110,25,0,0
BRDA:110,25,1,0
BRDA:111,26,0,0
BRDA:111,26,1,0
BRDA:170,27,0,0
BRDA:170,27,1,0
BRDA:181,28,0,0
BRDA:181,28,1,0
BRDA:190,29,0,0
BRDA:190,29,1,0
BRF:60
BRH:0
end_of_record
TN:
SF:src/modules/orders/infrastructure/repositories/AsyncStorageCartRepository.ts
FN:8,normalizeStoredCartItem
FN:40,getItems
FN:48,(anonymous_2)
FN:54,saveItems
FN:58,clear
FNF:5
FNH:1
FNDA:3,normalizeStoredCartItem
FNDA:0,getItems
FNDA:0,(anonymous_2)
FNDA:0,saveItems
FNDA:0,clear
DA:6,1
DA:9,3
DA:11,3
DA:12,3
DA:14,3
DA:18,3
DA:24,3
DA:35,3
DA:36,3
DA:41,0
DA:42,0
DA:43,0
DA:44,0
DA:45,0
DA:46,0
DA:48,0
DA:50,0
DA:55,0
DA:59,0
LF:19
LH:9
BRDA:9,0,0,0
BRDA:9,0,1,3
BRDA:9,1,0,3
BRDA:9,1,1,3
BRDA:14,2,0,1
BRDA:14,2,1,2
BRDA:14,3,0,3
BRDA:14,3,1,3
BRDA:18,4,0,1
BRDA:18,4,1,2
BRDA:18,5,0,3
BRDA:18,5,1,1
BRDA:18,5,2,1
BRDA:26,6,0,0
BRDA:26,6,1,3
BRDA:30,7,0,2
BRDA:30,7,1,1
BRDA:30,8,0,3
BRDA:30,8,1,2
BRDA:36,9,0,2
BRDA:36,9,1,1
BRDA:42,10,0,0
BRDA:42,10,1,0
BRDA:45,11,0,0
BRDA:45,11,1,0
BRF:25
BRH:19
end_of_record
TN:
SF:src/modules/orders/infrastructure/repositories/AsyncStoragePurchaseCartRepository.ts
FN:22,getItems
FN:28,(anonymous_1)
FN:34,saveItems
FN:38,clear
FNF:4
FNH:0
FNDA:0,getItems
FNDA:0,(anonymous_1)
FNDA:0,saveItems
FNDA:0,clear
DA:7,0
DA:9,0
DA:23,0
DA:24,0
DA:25,0
DA:26,0
DA:27,0
DA:28,0
DA:30,0
DA:35,0
DA:39,0
LF:11
LH:0
BRDA:24,0,0,0
BRDA:24,0,1,0
BRDA:27,1,0,0
BRDA:27,1,1,0
BRF:4
BRH:0
end_of_record
TN:
SF:src/modules/orders/infrastructure/repositories/SQLiteOrderRepository.ts
FN:20,rowToOrder
FN:47,save
FN:66,update
FN:82,findAll
FN:90,findById
FN:99,delete
FN:104,deleteAndRestoreStock
FN:107,(anonymous_7)
FN:144,getMaxOrderNumber
FN:152,saveAndDecrementStock
FN:159,(anonymous_10)
FNF:11
FNH:0
FNDA:0,rowToOrder
FNDA:0,save
FNDA:0,update
FNDA:0,findAll
FNDA:0,findById
FNDA:0,delete
FNDA:0,deleteAndRestoreStock
FNDA:0,(anonymous_7)
FNDA:0,getMaxOrderNumber
FNDA:0,saveAndDecrementStock
FNDA:0,(anonymous_10)
DA:22,0
DA:23,0
DA:24,0
DA:26,0
DA:29,0
DA:31,0
DA:48,0
DA:49,0
DA:67,0
DA:68,0
DA:83,0
DA:84,0
DA:87,0
DA:91,0
DA:92,0
DA:96,0
DA:100,0
DA:101,0
DA:105,0
DA:107,0
DA:108,0
DA:112,0
DA:113,0
DA:116,0
DA:117,0
DA:118,0
DA:121,0
DA:122,0
DA:123,0
DA:126,0
DA:132,0
DA:133,0
DA:137,0
DA:138,0
DA:139,0
DA:145,0
DA:146,0
DA:149,0
DA:157,0
DA:158,0
DA:159,0
DA:160,0
DA:163,0
DA:165,0
DA:181,0
DA:182,0
DA:189,0
DA:190,0
DA:194,0
DA:195,0
DA:198,0
LF:51
LH:0
BRDA:24,0,0,0
BRDA:24,0,1,0
BRDA:29,1,0,0
BRDA:29,1,1,0
BRDA:40,2,0,0
BRDA:40,2,1,0
BRDA:40,3,0,0
BRDA:40,3,1,0
BRDA:41,4,0,0
BRDA:41,4,1,0
BRDA:59,5,0,0
BRDA:59,5,1,0
BRDA:60,6,0,0
BRDA:60,6,1,0
BRDA:61,7,0,0
BRDA:61,7,1,0
BRDA:75,8,0,0
BRDA:75,8,1,0
BRDA:76,9,0,0
BRDA:76,9,1,0
BRDA:77,10,0,0
BRDA:77,10,1,0
BRDA:96,11,0,0
BRDA:96,11,1,0
BRDA:112,12,0,0
BRDA:112,12,1,0
BRDA:117,13,0,0
BRDA:117,13,1,0
BRDA:122,14,0,0
BRDA:122,14,1,0
BRDA:122,15,0,0
BRDA:122,15,1,0
BRDA:132,16,0,0
BRDA:132,16,1,0
BRDA:138,17,0,0
BRDA:138,17,1,0
BRDA:149,18,0,0
BRDA:149,18,1,0
BRDA:163,19,0,0
BRDA:163,19,1,0
BRDA:175,20,0,0
BRDA:175,20,1,0
BRDA:176,21,0,0
BRDA:176,21,1,0
BRDA:177,22,0,0
BRDA:177,22,1,0
BRDA:189,23,0,0
BRDA:189,23,1,0
BRDA:194,24,0,0
BRDA:194,24,1,0
BRF:50
BRH:0
end_of_record
TN:
SF:src/modules/pdf/infrastructure/ExpoCatalogImageOptimizer.ts
FN:10,simpleHash
FN:18,cacheKey
FN:26,constructor
FN:30,optimizeForPdf
FN:99,clearCache
FNF:5
FNH:0
FNDA:0,simpleHash
FNDA:0,cacheKey
FNDA:0,constructor
FNDA:0,optimizeForPdf
FNDA:0,clearCache
DA:6,0
DA:7,0
DA:8,0
DA:11,0
DA:12,0
DA:13,0
DA:15,0
DA:19,0
DA:20,0
DA:27,0
DA:35,0
DA:37,0
DA:38,0
DA:46,0
DA:47,0
DA:48,0
DA:49,0
DA:50,0
DA:53,0
DA:55,0
DA:56,0
DA:58,0
DA:59,0
DA:60,0
DA:68,0
DA:72,0
DA:77,0
DA:78,0
DA:80,0
DA:81,0
DA:82,0
DA:85,0
DA:92,0
DA:100,0
DA:101,0
DA:102,0
DA:103,0
DA:104,0
DA:105,0
LF:39
LH:0
BRDA:33,0,0,0
BRDA:35,1,0,0
BRDA:35,1,1,0
BRDA:37,2,0,0
BRDA:37,2,1,0
BRDA:48,3,0,0
BRDA:48,3,1,0
BRDA:58,4,0,0
BRDA:58,4,1,0
BRDA:80,5,0,0
BRDA:80,5,1,0
BRDA:94,6,0,0
BRDA:94,6,1,0
BRDA:100,7,0,0
BRDA:100,7,1,0
BRF:15
BRH:0
end_of_record
TN:
SF:src/modules/pdf/infrastructure/ExpoPdfGenerator.ts
FN:30,sanitizeFileName
FN:39,chunkProducts
FN:60,layoutFor
FN:110,constructor
FN:115,generate
FN:119,(anonymous_5)
FN:126,(anonymous_6)
FN:127,(anonymous_7)
FN:152,(anonymous_8)
FN:223,prepareProductsForPdf
FN:238,(anonymous_10)
FN:264,(anonymous_11)
FN:271,prepareProfileForPdf
FN:296,renderProfile
FN:350,renderProductCard
FN:360,renderBody
FN:407,(anonymous_16)
FN:425,buildHtml
FNF:18
FNH:0
FNDA:0,sanitizeFileName
FNDA:0,chunkProducts
FNDA:0,layoutFor
FNDA:0,constructor
FNDA:0,generate
FNDA:0,(anonymous_5)
FNDA:0,(anonymous_6)
FNDA:0,(anonymous_7)
FNDA:0,(anonymous_8)
FNDA:0,prepareProductsForPdf
FNDA:0,(anonymous_10)
FNDA:0,(anonymous_11)
FNDA:0,prepareProfileForPdf
FNDA:0,renderProfile
FNDA:0,renderProductCard
FNDA:0,renderBody
FNDA:0,(anonymous_16)
FNDA:0,buildHtml
DA:17,0
DA:19,0
DA:28,0
DA:31,0
DA:40,0
DA:41,0
DA:42,0
DA:43,0
DA:45,0
DA:57,0
DA:58,0
DA:66,0
DA:75,0
DA:76,0
DA:77,0
DA:80,0
DA:81,0
DA:83,0
DA:86,0
DA:88,0
DA:111,0
DA:112,0
DA:119,0
DA:120,0
DA:123,0
DA:124,0
DA:126,0
DA:127,0
DA:129,0
DA:137,0
DA:138,0
DA:139,0
DA:142,0
DA:144,0
DA:150,0
DA:154,0
DA:162,0
DA:164,0
DA:165,0
DA:167,0
DA:169,0
DA:174,0
DA:175,0
DA:177,0
DA:178,0
DA:183,0
DA:185,0
DA:186,0
DA:191,0
DA:200,0
DA:202,0
DA:204,0
DA:205,0
DA:208,0
DA:213,0
DA:216,0
DA:228,0
DA:229,0
DA:231,0
DA:232,0
DA:233,0
DA:235,0
DA:241,0
DA:242,0
DA:247,0
DA:250,0
DA:252,0
DA:259,0
DA:260,0
DA:263,0
DA:264,0
DA:268,0
DA:275,0
DA:276,0
DA:281,0
DA:282,0
DA:287,0
DA:290,0
DA:297,0
DA:298,0
DA:301,0
DA:302,0
DA:304,0
DA:305,0
DA:306,0
DA:308,0
DA:309,0
DA:312,0
DA:314,0
DA:315,0
DA:317,0
DA:318,0
DA:320,0
DA:321,0
DA:324,0
DA:325,0
DA:326,0
DA:328,0
DA:329,0
DA:331,0
DA:332,0
DA:334,0
DA:335,0
DA:337,0
DA:341,0
DA:351,0
DA:366,0
DA:367,0
DA:369,0
DA:370,0
DA:372,0
DA:373,0
DA:374,0
DA:375,0
DA:376,0
DA:379,0
DA:380,0
DA:382,0
DA:383,0
DA:385,0
DA:386,0
DA:387,0
DA:388,0
DA:390,0
DA:391,0
DA:392,0
DA:394,0
DA:396,0
DA:397,0
DA:398,0
DA:399,0
DA:400,0
DA:401,0
DA:402,0
DA:405,0
DA:406,0
DA:407,0
DA:409,0
DA:412,0
DA:414,0
DA:415,0
DA:417,0
DA:418,0
DA:422,0
DA:430,0
DA:431,0
DA:434,0
DA:435,0
DA:437,0
DA:439,0
DA:440,0
DA:441,0
DA:445,0
DA:447,0
DA:448,0
DA:449,0
DA:450,0
DA:451,0
DA:452,0
DA:453,0
DA:454,0
DA:456,0
LF:162
LH:0
BRDA:31,0,0,0
BRDA:31,0,1,0
BRDA:40,1,0,0
BRDA:40,1,1,0
BRDA:76,2,0,0
BRDA:76,2,1,0
BRDA:77,3,0,0
BRDA:77,3,1,0
BRDA:80,4,0,0
BRDA:80,4,1,0
BRDA:111,5,0,0
BRDA:111,5,1,0
BRDA:112,6,0,0
BRDA:112,6,1,0
BRDA:137,7,0,0
BRDA:137,7,1,0
BRDA:142,8,0,0
BRDA:142,8,1,0
BRDA:185,9,0,0
BRDA:185,9,1,0
BRDA:185,10,0,0
BRDA:185,10,1,0
BRDA:204,11,0,0
BRDA:204,11,1,0
BRDA:208,12,0,0
BRDA:208,12,1,0
BRDA:209,13,0,0
BRDA:209,13,1,0
BRDA:209,13,2,0
BRDA:218,14,0,0
BRDA:218,14,1,0
BRDA:241,15,0,0
BRDA:241,15,1,0
BRDA:247,16,0,0
BRDA:247,16,1,0
BRDA:263,17,0,0
BRDA:263,17,1,0
BRDA:275,18,0,0
BRDA:275,18,1,0
BRDA:281,19,0,0
BRDA:281,19,1,0
BRDA:287,20,0,0
BRDA:287,20,1,0
BRDA:297,21,0,0
BRDA:297,21,1,0
BRDA:301,22,0,0
BRDA:301,22,1,0
BRDA:302,23,0,0
BRDA:302,23,1,0
BRDA:305,24,0,0
BRDA:305,24,1,0
BRDA:308,25,0,0
BRDA:308,25,1,0
BRDA:309,26,0,0
BRDA:309,26,1,0
BRDA:314,27,0,0
BRDA:314,27,1,0
BRDA:317,28,0,0
BRDA:317,28,1,0
BRDA:320,29,0,0
BRDA:320,29,1,0
BRDA:325,30,0,0
BRDA:325,30,1,0
BRDA:328,31,0,0
BRDA:328,31,1,0
BRDA:331,32,0,0
BRDA:331,32,1,0
BRDA:334,33,0,0
BRDA:334,33,1,0
BRDA:337,34,0,0
BRDA:337,34,1,0
BRDA:342,35,0,0
BRDA:342,35,1,0
BRDA:346,36,0,0
BRDA:346,36,1,0
BRDA:352,37,0,0
BRDA:352,37,1,0
BRDA:355,38,0,0
BRDA:355,38,1,0
BRDA:356,39,0,0
BRDA:356,39,1,0
BRDA:367,40,0,0
BRDA:367,40,1,0
BRDA:372,41,0,0
BRDA:372,41,1,0
BRDA:373,42,0,0
BRDA:373,42,1,0
BRDA:374,43,0,0
BRDA:374,43,1,0
BRDA:375,44,0,0
BRDA:375,44,1,0
BRDA:380,45,0,0
BRDA:380,45,1,0
BRDA:386,46,0,0
BRDA:386,46,1,0
BRDA:391,47,0,0
BRDA:391,47,1,0
BRDA:396,48,0,0
BRDA:396,48,1,0
BRDA:396,49,0,0
BRDA:396,49,1,0
BRDA:396,49,2,0
BRDA:401,50,0,0
BRDA:401,50,1,0
BRDA:417,51,0,0
BRDA:417,51,1,0
BRDA:430,52,0,0
BRDA:430,52,1,0
BRDA:441,53,0,0
BRDA:441,53,1,0
BRDA:442,54,0,0
BRDA:442,54,1,0
BRDA:442,55,0,0
BRDA:442,55,1,0
BRDA:449,56,0,0
BRDA:449,56,1,0
BRDA:450,57,0,0
BRDA:450,57,1,0
BRDA:451,58,0,0
BRDA:451,58,1,0
BRDA:452,59,0,0
BRDA:452,59,1,0
BRDA:453,60,0,0
BRDA:453,60,1,0
BRDA:454,61,0,0
BRDA:454,61,1,0
BRF:126
BRH:0
end_of_record
TN:
SF:src/modules/pdf/infrastructure/PdfCacheService.ts
FN:11,ensureCacheDir
FN:15,computeHash
FN:20,(anonymous_2)
FN:23,buildCacheKey
FN:39,findCached
FN:57,saveToCache
FN:76,clearCache
FNF:7
FNH:0
FNDA:0,ensureCacheDir
FNDA:0,computeHash
FNDA:0,(anonymous_2)
FNDA:0,buildCacheKey
FNDA:0,findCached
FNDA:0,saveToCache
FNDA:0,clearCache
DA:4,0
DA:12,0
DA:16,0
DA:17,0
DA:20,0
DA:31,0
DA:32,0
DA:33,0
DA:34,0
DA:35,0
DA:47,0
DA:48,0
DA:49,0
DA:51,0
DA:52,0
DA:54,0
DA:66,0
DA:67,0
DA:68,0
DA:70,0
DA:71,0
DA:73,0
DA:77,0
DA:78,0
DA:79,0
DA:80,0
DA:81,0
DA:82,0
LF:28
LH:0
BRDA:33,0,0,0
BRDA:33,0,1,0
BRDA:34,1,0,0
BRDA:34,1,1,0
BRDA:51,2,0,0
BRDA:51,2,1,0
BRDA:51,3,0,0
BRDA:51,3,1,0
BRDA:81,4,0,0
BRDA:81,4,1,0
BRF:10
BRH:0
end_of_record
TN:
SF:src/modules/pdf/infrastructure/renderers/CatalogFormatRegistry.ts
FN:21,register
FN:25,init
FN:38,getCatalogRenderer
FN:50,getMaxDimension
FN:55,registerCatalogFormat
FNF:5
FNH:0
FNDA:0,register
FNDA:0,init
FNDA:0,getCatalogRenderer
FNDA:0,getMaxDimension
FNDA:0,registerCatalogFormat
DA:11,0
DA:19,0
DA:22,0
DA:26,0
DA:27,0
DA:29,0
DA:30,0
DA:33,0
DA:36,0
DA:39,0
DA:40,0
DA:41,0
DA:42,0
DA:43,0
DA:45,0
DA:47,0
DA:51,0
DA:52,0
DA:56,0
LF:19
LH:0
BRDA:30,0,0,0
BRDA:30,0,1,0
BRDA:30,1,0,0
BRDA:30,1,1,0
BRDA:40,2,0,0
BRDA:40,2,1,0
BRDA:42,3,0,0
BRDA:42,3,1,0
BRDA:52,4,0,0
BRDA:52,4,1,0
BRDA:55,5,0,0
BRF:11
BRH:0
end_of_record
TN:
SF:src/modules/pdf/infrastructure/renderers/PremiumEditorialCatalogRenderer.ts
FN:12,render
FNF:1
FNH:0
FNDA:0,render
DA:10,0
DA:17,0
LF:2
LH:0
BRF:0
BRH:0
end_of_record
TN:
SF:src/modules/pdf/infrastructure/renderers/StandardGridCatalogRenderer.ts
FN:35,layoutFor
FN:59,chunkProducts
FN:67,escapeHtml
FN:78,renderProfile
FN:130,renderProductCard
FN:143,render
FN:220,renderBody
FN:258,(anonymous_7)
FNF:8
FNH:0
FNDA:0,layoutFor
FNDA:0,chunkProducts
FNDA:0,escapeHtml
FNDA:0,renderProfile
FNDA:0,renderProductCard
FNDA:0,render
FNDA:0,renderBody
FNDA:0,(anonymous_7)
DA:19,0
DA:20,0
DA:27,0
DA:36,0
DA:37,0
DA:38,0
DA:41,0
DA:42,0
DA:44,0
DA:47,0
DA:49,0
DA:60,0
DA:61,0
DA:62,0
DA:64,0
DA:68,0
DA:76,0
DA:79,0
DA:81,0
DA:82,0
DA:84,0
DA:85,0
DA:86,0
DA:88,0
DA:89,0
DA:92,0
DA:94,0
DA:95,0
DA:97,0
DA:98,0
DA:100,0
DA:101,0
DA:104,0
DA:105,0
DA:106,0
DA:108,0
DA:109,0
DA:111,0
DA:112,0
DA:114,0
DA:115,0
DA:117,0
DA:121,0
DA:131,0
DA:141,0
DA:148,0
DA:149,0
DA:151,0
DA:152,0
DA:153,0
DA:157,0
DA:159,0
DA:160,0
DA:161,0
DA:162,0
DA:163,0
DA:164,0
DA:165,0
DA:166,0
DA:167,0
DA:169,0
DA:227,0
DA:229,0
DA:230,0
DA:232,0
DA:233,0
DA:234,0
DA:236,0
DA:237,0
DA:238,0
DA:239,0
DA:241,0
DA:242,0
DA:243,0
DA:245,0
DA:247,0
DA:248,0
DA:249,0
DA:250,0
DA:251,0
DA:252,0
DA:253,0
DA:256,0
DA:257,0
DA:258,0
DA:260,0
DA:263,0
DA:265,0
DA:266,0
DA:268,0
DA:269,0
DA:273,0
LF:92
LH:0
BRDA:37,0,0,0
BRDA:37,0,1,0
BRDA:41,1,0,0
BRDA:41,1,1,0
BRDA:42,2,0,0
BRDA:42,2,1,0
BRDA:44,3,0,0
BRDA:44,3,1,0
BRDA:79,4,0,0
BRDA:79,4,1,0
BRDA:81,5,0,0
BRDA:81,5,1,0
BRDA:82,6,0,0
BRDA:82,6,1,0
BRDA:85,7,0,0
BRDA:85,7,1,0
BRDA:88,8,0,0
BRDA:88,8,1,0
BRDA:89,9,0,0
BRDA:89,9,1,0
BRDA:94,10,0,0
BRDA:94,10,1,0
BRDA:97,11,0,0
BRDA:97,11,1,0
BRDA:100,12,0,0
BRDA:100,12,1,0
BRDA:105,13,0,0
BRDA:105,13,1,0
BRDA:108,14,0,0
BRDA:108,14,1,0
BRDA:111,15,0,0
BRDA:111,15,1,0
BRDA:114,16,0,0
BRDA:114,16,1,0
BRDA:117,17,0,0
BRDA:117,17,1,0
BRDA:122,18,0,0
BRDA:122,18,1,0
BRDA:126,19,0,0
BRDA:126,19,1,0
BRDA:132,20,0,0
BRDA:132,20,1,0
BRDA:135,21,0,0
BRDA:135,21,1,0
BRDA:136,22,0,0
BRDA:136,22,1,0
BRDA:153,23,0,0
BRDA:153,23,1,0
BRDA:154,24,0,0
BRDA:154,24,1,0
BRDA:154,25,0,0
BRDA:154,25,1,0
BRDA:162,26,0,0
BRDA:162,26,1,0
BRDA:163,27,0,0
BRDA:163,27,1,0
BRDA:164,28,0,0
BRDA:164,28,1,0
BRDA:165,29,0,0
BRDA:165,29,1,0
BRDA:166,30,0,0
BRDA:166,30,1,0
BRDA:167,31,0,0
BRDA:167,31,1,0
BRDA:227,32,0,0
BRDA:227,32,1,0
BRDA:230,33,0,0
BRDA:230,33,1,0
BRDA:237,34,0,0
BRDA:237,34,1,0
BRDA:242,35,0,0
BRDA:242,35,1,0
BRDA:247,36,0,0
BRDA:247,36,1,0
BRDA:247,37,0,0
BRDA:247,37,1,0
BRDA:247,37,2,0
BRDA:252,38,0,0
BRDA:252,38,1,0
BRDA:268,39,0,0
BRDA:268,39,1,0
BRF:81
BRH:0
end_of_record
TN:
SF:src/modules/products/application/dtos/ProductDtos.ts
FNF:0
FNH:0
DA:3,2
LF:1
LH:1
BRF:0
BRH:0
end_of_record
TN:
SF:src/modules/products/application/use-cases/ProductUseCases.ts
FN:10,constructor
FN:12,execute
FN:28,constructor_2
FN:30,execute_2
FN:50,constructor_3
FN:52,execute_3
FN:58,constructor_4
FN:60,execute_4
FN:66,constructor_5
FN:68,execute_5
FN:77,constructor_6
FN:79,execute_6
FNF:12
FNH:10
FNDA:5,constructor
FNDA:7,execute
FNDA:2,constructor_2
FNDA:2,execute_2
FNDA:1,constructor_3
FNDA:1,execute_3
FNDA:1,constructor_4
FNDA:1,execute_4
FNDA:0,constructor_5
FNDA:0,execute_5
FNDA:2,constructor_6
FNDA:2,execute_6
DA:10,5
DA:13,7
DA:14,7
DA:15,7
DA:22,7
DA:23,6
DA:28,2
DA:31,2
DA:33,2
DA:34,1
DA:37,1
DA:38,1
DA:44,1
DA:45,1
DA:50,1
DA:53,1
DA:58,1
DA:61,1
DA:66,0
DA:69,0
DA:70,0
DA:72,0
DA:77,2
DA:80,2
LF:24
LH:20
BRDA:33,0,0,1
BRDA:33,0,1,1
BRDA:69,1,0,0
BRDA:69,1,1,0
BRF:4
BRH:2
end_of_record
TN:
SF:src/modules/products/infrastructure/repositories/ExpoImagePickerService.ts
FN:10,getExtension
FN:16,pickImage
FN:23,takePhoto
FN:45,pickFromGallery
FN:68,copyToPersistentStorage
FNF:5
FNH:0
FNDA:0,getExtension
FNDA:0,pickImage
FNDA:0,takePhoto
FNDA:0,pickFromGallery
FNDA:0,copyToPersistentStorage
DA:7,0
DA:8,0
DA:11,0
DA:12,0
DA:17,0
DA:18,0
DA:20,0
DA:24,0
DA:26,0
DA:27,0
DA:30,0
DA:35,0
DA:36,0
DA:39,0
DA:40,0
DA:42,0
DA:46,0
DA:48,0
DA:49,0
DA:52,0
DA:58,0
DA:59,0
DA:62,0
DA:63,0
DA:65,0
DA:69,0
DA:70,0
DA:72,0
DA:74,0
DA:78,0
DA:80,0
DA:81,0
DA:83,0
LF:33
LH:0
BRDA:12,0,0,0
BRDA:12,0,1,0
BRDA:17,1,0,0
BRDA:17,1,1,0
BRDA:26,2,0,0
BRDA:26,2,1,0
BRDA:35,3,0,0
BRDA:35,3,1,0
BRDA:40,4,0,0
BRDA:40,4,1,0
BRDA:48,5,0,0
BRDA:48,5,1,0
BRDA:58,6,0,0
BRDA:58,6,1,0
BRDA:63,7,0,0
BRDA:63,7,1,0
BRF:16
BRH:0
end_of_record
TN:
SF:src/modules/products/infrastructure/repositories/SQLiteProductRepository.ts
FN:7,create
FN:27,update
FN:46,updateStock
FN:56,delete
FN:86,findAll
FN:91,findById
FN:96,findByFamily
FN:104,findBySupplier
FNF:8
FNH:0
FNDA:0,create
FNDA:0,update
FNDA:0,updateStock
FNDA:0,delete
FNDA:0,findAll
FNDA:0,findById
FNDA:0,findByFamily
FNDA:0,findBySupplier
DA:8,0
DA:9,0
DA:28,0
DA:29,0
DA:47,0
DA:48,0
DA:57,0
DA:58,0
DA:60,0
DA:62,0
DA:63,0
DA:66,0
DA:71,0
DA:72,0
DA:75,0
DA:76,0
DA:78,0
DA:79,0
DA:87,0
DA:88,0
DA:92,0
DA:93,0
DA:97,0
DA:98,0
DA:105,0
DA:106,0
LF:26
LH:0
BRDA:15,0,0,0
BRDA:15,0,1,0
BRDA:19,1,0,0
BRDA:19,1,1,0
BRDA:21,2,0,0
BRDA:21,2,1,0
BRDA:34,3,0,0
BRDA:34,3,1,0
BRDA:38,4,0,0
BRDA:38,4,1,0
BRDA:40,5,0,0
BRDA:40,5,1,0
BRDA:62,6,0,0
BRDA:62,6,1,0
BRDA:71,7,0,0
BRDA:71,7,1,0
BRDA:71,8,0,0
BRDA:71,8,1,0
BRDA:78,9,0,0
BRDA:78,9,1,0
BRF:20
BRH:0
end_of_record
TN:
SF:src/modules/profile/application/dtos/ProfileDtos.ts
FNF:0
FNH:0
DA:3,0
DA:33,0
DA:40,0
LF:3
LH:0
BRF:0
BRH:0
end_of_record
TN:
SF:src/modules/profile/application/use-cases/ProfileUseCases.ts
FN:8,constructor
FN:10,execute
FN:16,constructor_2
FN:18,execute_2
FN:41,constructor_3
FN:43,execute_3
FNF:6
FNH:0
FNDA:0,constructor
FNDA:0,execute
FNDA:0,constructor_2
FNDA:0,execute_2
FNDA:0,constructor_3
FNDA:0,execute_3
DA:8,0
DA:11,0
DA:16,0
DA:19,0
DA:20,0
DA:35,0
DA:36,0
DA:41,0
DA:44,0
LF:9
LH:0
BRDA:23,0,0,0
BRDA:23,0,1,0
BRDA:24,1,0,0
BRDA:24,1,1,0
BRDA:25,2,0,0
BRDA:25,2,1,0
BRDA:26,3,0,0
BRDA:26,3,1,0
BRDA:27,4,0,0
BRDA:27,4,1,0
BRDA:29,5,0,0
BRDA:29,5,1,0
BRDA:30,6,0,0
BRDA:30,6,1,0
BRDA:31,7,0,0
BRDA:31,7,1,0
BRDA:43,8,0,0
BRF:17
BRH:0
end_of_record
TN:
SF:src/modules/profile/infrastructure/repositories/SQLiteProfileRepository.ts
FN:6,find
FN:11,save
FNF:2
FNH:0
FNDA:0,find
FNDA:0,save
DA:7,0
DA:8,0
DA:12,0
DA:13,0
LF:4
LH:0
BRDA:31,0,0,0
BRDA:31,0,1,0
BRDA:32,1,0,0
BRDA:32,1,1,0
BRDA:33,2,0,0
BRDA:33,2,1,0
BRDA:34,3,0,0
BRDA:34,3,1,0
BRDA:35,4,0,0
BRDA:35,4,1,0
BRDA:36,5,0,0
BRDA:36,5,1,0
BRDA:37,6,0,0
BRDA:37,6,1,0
BRDA:38,7,0,0
BRDA:38,7,1,0
BRDA:39,8,0,0
BRDA:39,8,1,0
BRF:18
BRH:0
end_of_record
TN:
SF:src/modules/sharing/infrastructure/ExpoNativeShareService.ts
FN:6,shareFile
FNF:1
FNH:0
FNDA:0,shareFile
DA:7,0
DA:9,0
DA:10,0
DA:13,0
LF:4
LH:0
BRDA:9,0,0,0
BRDA:9,0,1,0
BRDA:15,1,0,0
BRDA:15,1,1,0
BRDA:16,2,0,0
BRDA:16,2,1,0
BRF:6
BRH:0
end_of_record
TN:
SF:src/modules/suppliers/application/dtos/SupplierDtos.ts
FNF:0
FNH:0
DA:3,0
LF:1
LH:0
BRF:0
BRH:0
end_of_record
TN:
SF:src/modules/suppliers/application/use-cases/SupplierUseCases.ts
FN:8,constructor
FN:10,execute
FN:30,constructor_2
FN:32,execute_2
FN:54,constructor_3
FN:56,execute_3
FNF:6
FNH:0
FNDA:0,constructor
FNDA:0,execute
FNDA:0,constructor_2
FNDA:0,execute_2
FNDA:0,constructor_3
FNDA:0,execute_3
DA:8,0
DA:11,0
DA:12,0
DA:13,0
DA:24,0
DA:25,0
DA:30,0
DA:33,0
DA:34,0
DA:35,0
DA:38,0
DA:39,0
DA:48,0
DA:49,0
DA:54,0
DA:57,0
LF:16
LH:0
BRDA:34,0,0,0
BRDA:34,0,1,0
BRF:2
BRH:0
end_of_record
TN:
SF:src/modules/suppliers/infrastructure/repositories/SQLiteSupplierRepository.ts
FN:6,create
FN:22,update
FN:38,delete
FN:43,findAll
FN:48,findById
FNF:5
FNH:0
FNDA:0,create
FNDA:0,update
FNDA:0,delete
FNDA:0,findAll
FNDA:0,findById
DA:7,0
DA:8,0
DA:23,0
DA:24,0
DA:39,0
DA:40,0
DA:44,0
DA:45,0
DA:49,0
DA:50,0
LF:10
LH:0
BRDA:13,0,0,0
BRDA:13,0,1,0
BRDA:14,1,0,0
BRDA:14,1,1,0
BRDA:15,2,0,0
BRDA:15,2,1,0
BRDA:16,3,0,0
BRDA:16,3,1,0
BRDA:29,4,0,0
BRDA:29,4,1,0
BRDA:30,5,0,0
BRDA:30,5,1,0
BRDA:31,6,0,0
BRDA:31,6,1,0
BRDA:32,7,0,0
BRDA:32,7,1,0
BRF:16
BRH:0
end_of_record
TN:
SF:src/shared/config/features.ts
FNF:0
FNH:0
DA:6,0
LF:1
LH:0
BRF:0
BRH:0
end_of_record
TN:
SF:src/shared/domain/AnalyticsPort.ts
FNF:0
FNH:0
LF:0
LH:0
BRF:0
BRH:0
end_of_record
TN:
SF:src/shared/domain/ErrorReporter.ts
FN:8,captureException
FN:9,setUser
FN:10,init
FNF:3
FNH:0
FNDA:0,captureException
FNDA:0,setUser
FNDA:0,init
LF:0
LH:0
BRF:0
BRH:0
end_of_record
TN:
SF:src/shared/domain/PreferencesPort.ts
FNF:0
FNH:0
LF:0
LH:0
BRF:0
BRH:0
end_of_record
TN:
SF:src/shared/errors/AppError.ts
FN:20,constructor
FN:28,familyNotFoundError
FN:32,familyDuplicateError
FN:36,productNotFoundError
FN:40,catalogNotFoundError
FN:44,catalogNoFamilySelectedError
FN:48,catalogPdfGenerationError
FN:56,catalogPdfEmptyError
FN:60,catalogPdfMemoryError
FN:67,shareUnavailableError
FN:71,imagePickerDeniedError
FN:76,databaseError
FNF:12
FNH:4
FNDA:8,constructor
FNDA:2,familyNotFoundError
FNDA:0,familyDuplicateError
FNDA:1,productNotFoundError
FNDA:1,catalogNotFoundError
FNDA:0,catalogNoFamilySelectedError
FNDA:0,catalogPdfGenerationError
FNDA:0,catalogPdfEmptyError
FNDA:0,catalogPdfMemoryError
FNDA:0,shareUnavailableError
FNDA:0,imagePickerDeniedError
FNDA:0,databaseError
DA:21,8
DA:22,8
DA:23,8
DA:24,8
DA:29,2
DA:33,0
DA:37,1
DA:41,1
DA:45,0
DA:49,0
DA:57,0
DA:61,0
DA:68,0
DA:72,0
DA:73,0
DA:77,0
LF:16
LH:7
BRDA:51,0,0,0
BRDA:51,0,1,0
BRDA:72,1,0,0
BRDA:72,1,1,0
BRF:4
BRH:0
end_of_record
TN:
SF:src/shared/errors/ErrorMapper.ts
FN:19,mapErrorToMessage
FN:31,isAppError
FNF:2
FNH:0
FNDA:0,mapErrorToMessage
FNDA:0,isAppError
DA:3,0
DA:20,0
DA:21,0
DA:24,0
DA:25,0
DA:28,0
DA:32,0
LF:7
LH:0
BRDA:20,0,0,0
BRDA:20,0,1,0
BRDA:21,1,0,0
BRDA:21,1,1,0
BRDA:24,2,0,0
BRDA:24,2,1,0
BRF:6
BRH:0
end_of_record
TN:
SF:src/shared/infrastructure/AsyncStoragePreferencesAdapter.ts
FN:5,getBoolean
FN:15,setBoolean
FN:19,getString
FN:23,setString
FNF:4
FNH:0
FNDA:0,getBoolean
FNDA:0,setBoolean
FNDA:0,getString
FNDA:0,setString
DA:6,0
DA:8,0
DA:9,0
DA:12,0
DA:16,0
DA:20,0
DA:24,0
LF:7
LH:0
BRDA:8,0,0,0
BRDA:8,0,1,0
BRDA:16,1,0,0
BRDA:16,1,1,0
BRF:4
BRH:0
end_of_record
TN:
SF:src/shared/infrastructure/SentryErrorReporter.ts
FN:11,loadSentry
FN:25,init
FN:41,captureException
FN:46,setUser
FNF:4
FNH:0
FNDA:0,loadSentry
FNDA:0,init
FNDA:0,captureException
FNDA:0,setUser
DA:9,0
DA:12,0
DA:13,0
DA:14,0
DA:15,0
DA:16,0
DA:18,0
DA:23,0
DA:26,0
DA:27,0
DA:28,0
DA:31,0
DA:32,0
DA:33,0
DA:38,0
DA:42,0
DA:43,0
DA:47,0
DA:48,0
LF:19
LH:0
BRDA:13,0,0,0
BRDA:13,0,1,0
BRDA:26,1,0,0
BRDA:26,1,1,0
BRDA:27,2,0,0
BRDA:27,2,1,0
BRDA:32,3,0,0
BRDA:32,3,1,0
BRDA:36,4,0,0
BRDA:36,4,1,0
BRDA:42,5,0,0
BRDA:42,5,1,0
BRDA:47,6,0,0
BRDA:47,6,1,0
BRF:14
BRH:0
end_of_record
TN:
SF:src/shared/infrastructure/SqliteAnalyticsRepository.ts
FN:5,track
FN:19,getEvents
FN:30,(anonymous_2)
FNF:3
FNH:0
FNDA:0,track
FNDA:0,getEvents
FNDA:0,(anonymous_2)
DA:6,0
DA:7,0
DA:20,0
DA:21,0
DA:30,0
LF:5
LH:0
BRDA:13,0,0,0
BRDA:13,0,1,0
BRDA:14,1,0,0
BRDA:14,1,1,0
BRDA:32,2,0,0
BRDA:32,2,1,0
BRF:6
BRH:0
end_of_record
TN:
SF:src/shared/infrastructure/schema-version.ts
FNF:0
FNH:0
DA:1,2
LF:1
LH:1
BRF:0
BRH:0
end_of_record
TN:
SF:src/shared/infrastructure/sqlite.ts
FN:140,columnExists
FN:143,(anonymous_1)
FN:149,tableExists
FN:161,safeExecAsync
FN:167,getCurrentSchemaVersion
FN:176,setSchemaVersion
FN:184,applyMigration
FN:234,migrateDatabase
FN:256,autoBackupBeforeMigration
FN:273,(anonymous_9)
FN:299,resetDatabase
FN:304,getDatabase
FN:311,(anonymous_12)
FN:316,(anonymous_13)
FNF:14
FNH:0
FNDA:0,columnExists
FNDA:0,(anonymous_1)
FNDA:0,tableExists
FNDA:0,safeExecAsync
FNDA:0,getCurrentSchemaVersion
FNDA:0,setSchemaVersion
FNDA:0,applyMigration
FNDA:0,migrateDatabase
FNDA:0,autoBackupBeforeMigration
FNDA:0,(anonymous_9)
FNDA:0,resetDatabase
FNDA:0,getDatabase
FNDA:0,(anonymous_12)
FNDA:0,(anonymous_13)
DA:7,0
DA:8,0
DA:18,0
DA:19,0
DA:21,0
DA:141,0
DA:142,0
DA:143,0
DA:145,0
DA:150,0
DA:151,0
DA:155,0
DA:157,0
DA:162,0
DA:163,0
DA:164,0
DA:168,0
DA:169,0
DA:170,0
DA:172,0
DA:177,0
DA:178,0
DA:185,0
DA:187,0
DA:188,0
DA:191,0
DA:192,0
DA:193,0
DA:195,0
DA:197,0
DA:198,0
DA:199,0
DA:200,0
DA:201,0
DA:205,0
DA:206,0
DA:208,0
DA:209,0
DA:211,0
DA:212,0
DA:213,0
DA:214,0
DA:215,0
DA:217,0
DA:221,0
DA:222,0
DA:231,0
DA:235,0
DA:237,0
DA:239,0
DA:240,0
DA:245,0
DA:247,0
DA:248,0
DA:251,0
DA:252,0
DA:257,0
DA:258,0
DA:260,0
DA:261,0
DA:262,0
DA:263,0
DA:264,0
DA:265,0
DA:267,0
DA:268,0
DA:269,0
DA:270,0
DA:271,0
DA:272,0
DA:273,0
DA:275,0
DA:288,0
DA:289,0
DA:290,0
DA:292,0
DA:293,0
DA:300,0
DA:301,0
DA:305,0
DA:306,0
DA:309,0
DA:310,0
DA:312,0
DA:313,0
DA:314,0
DA:317,0
DA:318,0
DA:319,0
DA:323,0
DA:325,0
LF:91
LH:0
BRDA:155,0,0,0
BRDA:155,0,1,0
BRDA:162,1,0,0
BRDA:162,1,1,0
BRDA:163,2,0,0
BRDA:163,2,1,0
BRDA:163,3,0,0
BRDA:163,3,1,0
BRDA:163,3,2,0
BRDA:170,4,0,0
BRDA:170,4,1,0
BRDA:187,5,0,0
BRDA:187,5,1,0
BRDA:187,6,0,0
BRDA:187,6,1,0
BRDA:193,7,0,0
BRDA:193,7,1,0
BRDA:197,8,0,0
BRDA:197,8,1,0
BRDA:199,9,0,0
BRDA:199,9,1,0
BRDA:201,10,0,0
BRDA:201,10,1,0
BRDA:208,11,0,0
BRDA:208,11,1,0
BRDA:211,12,0,0
BRDA:211,12,1,0
BRDA:212,13,0,0
BRDA:212,13,1,0
BRDA:213,14,0,0
BRDA:213,14,1,0
BRDA:239,15,0,0
BRDA:239,15,1,0
BRDA:245,16,0,0
BRDA:245,16,1,0
BRDA:247,17,0,0
BRDA:247,17,1,0
BRDA:267,18,0,0
BRDA:267,18,1,0
BRDA:268,19,0,0
BRDA:268,19,1,0
BRDA:269,20,0,0
BRDA:269,20,1,0
BRDA:270,21,0,0
BRDA:270,21,1,0
BRDA:271,22,0,0
BRDA:271,22,1,0
BRDA:272,23,0,0
BRDA:272,23,1,0
BRDA:305,24,0,0
BRDA:305,24,1,0
BRDA:309,25,0,0
BRDA:309,25,1,0
BRF:53
BRH:0
end_of_record
TN:
SF:src/shared/presentation/theme.ts
FNF:0
FNH:0
DA:15,0
LF:1
LH:0
BRF:0
BRH:0
end_of_record
TN:
SF:src/shared/presentation/components/ui/index.ts
FNF:0
FNH:0
LF:0
LH:0
BRF:0
BRH:0
end_of_record
TN:
SF:src/shared/presentation/components/ui/shared.ts
FN:8,setColorScheme
FN:13,c
FNF:2
FNH:0
FNDA:0,setColorScheme
FNDA:0,c
DA:6,0
DA:9,0
DA:10,0
DA:14,0
DA:17,0
DA:108,0
LF:6
LH:0
BRDA:14,0,0,0
BRDA:14,0,1,0
BRF:2
BRH:0
end_of_record
TN:
SF:src/shared/presentation/theme/borders.ts
FNF:0
FNH:0
DA:1,0
LF:1
LH:0
BRF:0
BRH:0
end_of_record
TN:
SF:src/shared/presentation/theme/colors.ts
FNF:0
FNH:0
DA:1,0
DA:52,0
LF:2
LH:0
BRF:0
BRH:0
end_of_record
TN:
SF:src/shared/presentation/theme/index.ts
FNF:0
FNH:0
LF:0
LH:0
BRF:0
BRH:0
end_of_record
TN:
SF:src/shared/presentation/theme/motion.ts
FNF:0
FNH:0
DA:1,0
LF:1
LH:0
BRF:0
BRH:0
end_of_record
TN:
SF:src/shared/presentation/theme/opacity.ts
FNF:0
FNH:0
DA:1,0
LF:1
LH:0
BRF:0
BRH:0
end_of_record
TN:
SF:src/shared/presentation/theme/radius.ts
FNF:0
FNH:0
DA:1,0
LF:1
LH:0
BRF:0
BRH:0
end_of_record
TN:
SF:src/shared/presentation/theme/shadows.ts
FNF:0
FNH:0
DA:3,0
LF:1
LH:0
BRF:0
BRH:0
end_of_record
TN:
SF:src/shared/presentation/theme/sizes.ts
FNF:0
FNH:0
DA:1,0
LF:1
LH:0
BRF:0
BRH:0
end_of_record
TN:
SF:src/shared/presentation/theme/spacing.ts
FNF:0
FNH:0
DA:1,0
LF:1
LH:0
BRF:0
BRH:0
end_of_record
TN:
SF:src/shared/presentation/theme/typography.ts
FNF:0
FNH:0
DA:1,0
DA:9,0
LF:2
LH:0
BRF:0
BRH:0
end_of_record
TN:
SF:src/shared/presentation/theme/zIndex.ts
FNF:0
FNH:0
DA:1,0
LF:1
LH:0
BRF:0
BRH:0
end_of_record
TN:
SF:src/shared/utils/checksum.ts
FN:5,computeChecksum
FNF:1
FNH:1
FNDA:38,computeChecksum
DA:6,38
DA:7,38
DA:8,38
DA:9,3105
DA:10,3105
DA:12,38
LF:6
LH:6
BRF:0
BRH:0
end_of_record
TN:
SF:src/shared/utils/concurrency.ts
FN:1,processWithConcurrency
FN:9,worker
FN:19,(anonymous_2)
FNF:3
FNH:0
FNDA:0,processWithConcurrency
FNDA:0,worker
FNDA:0,(anonymous_2)
DA:6,0
DA:7,0
DA:10,0
DA:11,0
DA:12,0
DA:16,0
DA:17,0
DA:19,0
DA:20,0
DA:22,0
LF:10
LH:0
BRDA:17,0,0,0
BRDA:17,0,1,0
BRF:2
BRH:0
end_of_record
TN:
SF:src/shared/utils/dates.ts
FN:1,nowIso
FN:5,formatDate
FNF:2
FNH:1
FNDA:49,nowIso
FNDA:0,formatDate
DA:2,49
DA:6,0
LF:2
LH:1
BRF:0
BRH:0
end_of_record
TN:
SF:src/shared/utils/html.ts
FN:4,escapeHtml
FNF:1
FNH:0
FNDA:0,escapeHtml
DA:5,0
LF:1
LH:0
BRF:0
BRH:0
end_of_record
TN:
SF:src/shared/utils/ids.ts
FN:1,createId
FNF:1
FNH:1
FNDA:35,createId
DA:2,35
LF:1
LH:1
BRF:0
BRH:0
end_of_record
TN:
SF:src/shared/utils/money.ts
FN:7,formatMoney
FNF:1
FNH:0
FNDA:0,formatMoney
DA:1,0
DA:8,0
DA:11,0
LF:3
LH:0
BRDA:8,0,0,0
BRDA:8,0,1,0
BRF:2
BRH:0
end_of_record
TN:
SF:src/shared/validation/schemas.ts
FN:146,validateBackupPayload
FN:158,(anonymous_1)
FN:166,validateArray
FN:180,(anonymous_3)
FN:192,constructor
FN:195,(anonymous_5)
FNF:6
FNH:6
FNDA:3,validateBackupPayload
FNDA:18,(anonymous_1)
FNDA:2,validateArray
FNDA:12,(anonymous_3)
FNDA:2,constructor
FNDA:7,(anonymous_5)
DA:3,2
DA:7,2
DA:12,2
DA:17,2
DA:22,2
DA:26,2
DA:35,2
DA:51,2
DA:68,2
DA:70,2
DA:84,2
DA:100,2
DA:114,2
DA:127,2
DA:153,3
DA:154,3
DA:155,1
DA:158,18
DA:163,2
DA:170,2
DA:171,2
DA:173,2
DA:174,5
DA:175,5
DA:176,2
DA:178,3
DA:180,12
DA:185,5
DA:193,2
DA:195,7
DA:197,2
DA:198,2
DA:199,2
DA:200,2
LF:34
LH:34
BRDA:154,0,0,1
BRDA:154,0,1,2
BRDA:175,1,0,2
BRDA:175,1,1,3
BRDA:197,2,0,1
BRDA:197,2,1,1
BRF:6
BRH:6
end_of_record
